[2021-09-24T09:01:07.413] [ERROR] default - ReferenceError: abchd is not defined
    at C:\Users\Shubhangi\Documents\Java programmings\taskAPIs\routes\index.js:22:17
    at Layer.handle [as handle_request] (C:\Users\Shubhangi\Documents\Java programmings\taskAPIs\node_modules\express\lib\router\layer.js:95:5)
    at next (C:\Users\Shubhangi\Documents\Java programmings\taskAPIs\node_modules\express\lib\router\route.js:137:13)
    at Route.dispatch (C:\Users\Shubhangi\Documents\Java programmings\taskAPIs\node_modules\express\lib\router\route.js:112:3)
    at Layer.handle [as handle_request] (C:\Users\Shubhangi\Documents\Java programmings\taskAPIs\node_modules\express\lib\router\layer.js:95:5)
    at C:\Users\Shubhangi\Documents\Java programmings\taskAPIs\node_modules\express\lib\router\index.js:281:22
    at Function.process_params (C:\Users\Shubhangi\Documents\Java programmings\taskAPIs\node_modules\express\lib\router\index.js:335:12)
    at next (C:\Users\Shubhangi\Documents\Java programmings\taskAPIs\node_modules\express\lib\router\index.js:275:10)
    at Function.handle (C:\Users\Shubhangi\Documents\Java programmings\taskAPIs\node_modules\express\lib\router\index.js:174:3)
    at router (C:\Users\Shubhangi\Documents\Java programmings\taskAPIs\node_modules\express\lib\router\index.js:47:12)
[2021-09-24T09:03:57.107] [INFO] default - User created successfully
[2021-09-24T10:48:12.746] [INFO] default - User created successfully
[2021-09-24T10:49:16.873] [INFO] default - User created successfully
[2021-09-24T10:49:42.959] [INFO] default - User created successfully
[2021-09-24T10:49:46.466] [INFO] default - User created successfully
[2021-09-24T10:50:43.520] [INFO] default - User created successfully
[2021-09-24T11:46:54.262] [INFO] default - User created successfully
[2021-09-24T11:47:57.578] [INFO] default - User created successfully
[2021-09-24T11:58:49.342] [INFO] default - User created successfully
[2021-09-24T16:55:19.922] [ERROR] default - TypeError: Cannot read property 'collection' of undefined
    at C:\Users\Shubhangi\Documents\Java programmings\taskAPIs\routes\index.js:11:26
    at Layer.handle [as handle_request] (C:\Users\Shubhangi\Documents\Java programmings\taskAPIs\node_modules\express\lib\router\layer.js:95:5)
    at next (C:\Users\Shubhangi\Documents\Java programmings\taskAPIs\node_modules\express\lib\router\route.js:137:13)
    at Route.dispatch (C:\Users\Shubhangi\Documents\Java programmings\taskAPIs\node_modules\express\lib\router\route.js:112:3)
    at Layer.handle [as handle_request] (C:\Users\Shubhangi\Documents\Java programmings\taskAPIs\node_modules\express\lib\router\layer.js:95:5)
    at C:\Users\Shubhangi\Documents\Java programmings\taskAPIs\node_modules\express\lib\router\index.js:281:22
    at Function.process_params (C:\Users\Shubhangi\Documents\Java programmings\taskAPIs\node_modules\express\lib\router\index.js:335:12)
    at next (C:\Users\Shubhangi\Documents\Java programmings\taskAPIs\node_modules\express\lib\router\index.js:275:10)
    at Function.handle (C:\Users\Shubhangi\Documents\Java programmings\taskAPIs\node_modules\express\lib\router\index.js:174:3)
    at router (C:\Users\Shubhangi\Documents\Java programmings\taskAPIs\node_modules\express\lib\router\index.js:47:12)
[2021-09-24T16:55:19.955] [ERROR] default - TypeError: Cannot read property 'collection' of undefined
    at C:\Users\Shubhangi\Documents\Java programmings\taskAPIs\routes\index.js:50:14
    at Layer.handle [as handle_request] (C:\Users\Shubhangi\Documents\Java programmings\taskAPIs\node_modules\express\lib\router\layer.js:95:5)
    at next (C:\Users\Shubhangi\Documents\Java programmings\taskAPIs\node_modules\express\lib\router\route.js:137:13)
    at Route.dispatch (C:\Users\Shubhangi\Documents\Java programmings\taskAPIs\node_modules\express\lib\router\route.js:112:3)
    at Layer.handle [as handle_request] (C:\Users\Shubhangi\Documents\Java programmings\taskAPIs\node_modules\express\lib\router\layer.js:95:5)
    at C:\Users\Shubhangi\Documents\Java programmings\taskAPIs\node_modules\express\lib\router\index.js:281:22
    at Function.process_params (C:\Users\Shubhangi\Documents\Java programmings\taskAPIs\node_modules\express\lib\router\index.js:335:12)
    at next (C:\Users\Shubhangi\Documents\Java programmings\taskAPIs\node_modules\express\lib\router\index.js:275:10)
    at Function.handle (C:\Users\Shubhangi\Documents\Java programmings\taskAPIs\node_modules\express\lib\router\index.js:174:3)
    at router (C:\Users\Shubhangi\Documents\Java programmings\taskAPIs\node_modules\express\lib\router\index.js:47:12)
[2021-09-24T16:58:07.666] [ERROR] default - TypeError: Cannot read property 'collection' of undefined
    at C:\Users\Shubhangi\Documents\Java programmings\taskAPIs\routes\index.js:11:26
    at Layer.handle [as handle_request] (C:\Users\Shubhangi\Documents\Java programmings\taskAPIs\node_modules\express\lib\router\layer.js:95:5)
    at next (C:\Users\Shubhangi\Documents\Java programmings\taskAPIs\node_modules\express\lib\router\route.js:137:13)
    at Route.dispatch (C:\Users\Shubhangi\Documents\Java programmings\taskAPIs\node_modules\express\lib\router\route.js:112:3)
    at Layer.handle [as handle_request] (C:\Users\Shubhangi\Documents\Java programmings\taskAPIs\node_modules\express\lib\router\layer.js:95:5)
    at C:\Users\Shubhangi\Documents\Java programmings\taskAPIs\node_modules\express\lib\router\index.js:281:22
    at Function.process_params (C:\Users\Shubhangi\Documents\Java programmings\taskAPIs\node_modules\express\lib\router\index.js:335:12)
    at next (C:\Users\Shubhangi\Documents\Java programmings\taskAPIs\node_modules\express\lib\router\index.js:275:10)
    at Function.handle (C:\Users\Shubhangi\Documents\Java programmings\taskAPIs\node_modules\express\lib\router\index.js:174:3)
    at router (C:\Users\Shubhangi\Documents\Java programmings\taskAPIs\node_modules\express\lib\router\index.js:47:12)
[2021-09-24T17:02:23.135] [ERROR] default - TypeError: Cannot read property 'collection' of undefined
    at C:\Users\Shubhangi\Documents\Java programmings\taskAPIs\routes\index.js:11:26
    at Layer.handle [as handle_request] (C:\Users\Shubhangi\Documents\Java programmings\taskAPIs\node_modules\express\lib\router\layer.js:95:5)
    at next (C:\Users\Shubhangi\Documents\Java programmings\taskAPIs\node_modules\express\lib\router\route.js:137:13)
    at Route.dispatch (C:\Users\Shubhangi\Documents\Java programmings\taskAPIs\node_modules\express\lib\router\route.js:112:3)
    at Layer.handle [as handle_request] (C:\Users\Shubhangi\Documents\Java programmings\taskAPIs\node_modules\express\lib\router\layer.js:95:5)
    at C:\Users\Shubhangi\Documents\Java programmings\taskAPIs\node_modules\express\lib\router\index.js:281:22
    at Function.process_params (C:\Users\Shubhangi\Documents\Java programmings\taskAPIs\node_modules\express\lib\router\index.js:335:12)
    at next (C:\Users\Shubhangi\Documents\Java programmings\taskAPIs\node_modules\express\lib\router\index.js:275:10)
    at Function.handle (C:\Users\Shubhangi\Documents\Java programmings\taskAPIs\node_modules\express\lib\router\index.js:174:3)
    at router (C:\Users\Shubhangi\Documents\Java programmings\taskAPIs\node_modules\express\lib\router\index.js:47:12)
[2021-09-24T17:08:42.078] [ERROR] default - TypeError: db.collection is not a function
    at C:\Users\Shubhangi\Documents\Java programmings\taskAPIs\routes\index.js:11:26
    at Layer.handle [as handle_request] (C:\Users\Shubhangi\Documents\Java programmings\taskAPIs\node_modules\express\lib\router\layer.js:95:5)
    at next (C:\Users\Shubhangi\Documents\Java programmings\taskAPIs\node_modules\express\lib\router\route.js:137:13)
    at Route.dispatch (C:\Users\Shubhangi\Documents\Java programmings\taskAPIs\node_modules\express\lib\router\route.js:112:3)
    at Layer.handle [as handle_request] (C:\Users\Shubhangi\Documents\Java programmings\taskAPIs\node_modules\express\lib\router\layer.js:95:5)
    at C:\Users\Shubhangi\Documents\Java programmings\taskAPIs\node_modules\express\lib\router\index.js:281:22
    at Function.process_params (C:\Users\Shubhangi\Documents\Java programmings\taskAPIs\node_modules\express\lib\router\index.js:335:12)
    at next (C:\Users\Shubhangi\Documents\Java programmings\taskAPIs\node_modules\express\lib\router\index.js:275:10)
    at Function.handle (C:\Users\Shubhangi\Documents\Java programmings\taskAPIs\node_modules\express\lib\router\index.js:174:3)
    at router (C:\Users\Shubhangi\Documents\Java programmings\taskAPIs\node_modules\express\lib\router\index.js:47:12)
[2021-09-24T17:10:30.285] [ERROR] default - TypeError: Cannot read property 'collection' of undefined
    at C:\Users\Shubhangi\Documents\Java programmings\taskAPIs\routes\index.js:13:26
    at Layer.handle [as handle_request] (C:\Users\Shubhangi\Documents\Java programmings\taskAPIs\node_modules\express\lib\router\layer.js:95:5)
    at next (C:\Users\Shubhangi\Documents\Java programmings\taskAPIs\node_modules\express\lib\router\route.js:137:13)
    at Route.dispatch (C:\Users\Shubhangi\Documents\Java programmings\taskAPIs\node_modules\express\lib\router\route.js:112:3)
    at Layer.handle [as handle_request] (C:\Users\Shubhangi\Documents\Java programmings\taskAPIs\node_modules\express\lib\router\layer.js:95:5)
    at C:\Users\Shubhangi\Documents\Java programmings\taskAPIs\node_modules\express\lib\router\index.js:281:22
    at Function.process_params (C:\Users\Shubhangi\Documents\Java programmings\taskAPIs\node_modules\express\lib\router\index.js:335:12)
    at next (C:\Users\Shubhangi\Documents\Java programmings\taskAPIs\node_modules\express\lib\router\index.js:275:10)
    at Function.handle (C:\Users\Shubhangi\Documents\Java programmings\taskAPIs\node_modules\express\lib\router\index.js:174:3)
    at router (C:\Users\Shubhangi\Documents\Java programmings\taskAPIs\node_modules\express\lib\router\index.js:47:12)
[2021-09-27T08:23:18.963] [ERROR] default - ReferenceError: db is not defined
    at C:\Users\Shubhangi\Documents\Java programmings\taskAPIs\routes\index.js:11:17
    at Layer.handle [as handle_request] (C:\Users\Shubhangi\Documents\Java programmings\taskAPIs\node_modules\express\lib\router\layer.js:95:5)
    at next (C:\Users\Shubhangi\Documents\Java programmings\taskAPIs\node_modules\express\lib\router\route.js:137:13)
    at Route.dispatch (C:\Users\Shubhangi\Documents\Java programmings\taskAPIs\node_modules\express\lib\router\route.js:112:3)
    at Layer.handle [as handle_request] (C:\Users\Shubhangi\Documents\Java programmings\taskAPIs\node_modules\express\lib\router\layer.js:95:5)
    at C:\Users\Shubhangi\Documents\Java programmings\taskAPIs\node_modules\express\lib\router\index.js:281:22
    at Function.process_params (C:\Users\Shubhangi\Documents\Java programmings\taskAPIs\node_modules\express\lib\router\index.js:335:12)
    at next (C:\Users\Shubhangi\Documents\Java programmings\taskAPIs\node_modules\express\lib\router\index.js:275:10)
    at Function.handle (C:\Users\Shubhangi\Documents\Java programmings\taskAPIs\node_modules\express\lib\router\index.js:174:3)
    at router (C:\Users\Shubhangi\Documents\Java programmings\taskAPIs\node_modules\express\lib\router\index.js:47:12)
[2021-09-27T08:25:24.782] [INFO] default - User created successfully
[2021-09-27T08:36:29.685] [INFO] default - User created successfully
[2021-09-27T08:37:12.428] [INFO] default - User created successfully
[2021-09-27T08:40:42.592] [INFO] default - User created successfully
[2021-09-27T08:47:29.172] [INFO] default - User created successfully
[2021-09-27T08:49:20.720] [INFO] default - User created successfully
[2021-09-27T18:32:10.796] [INFO] default - User created successfully
[2021-09-27T19:02:19.067] [INFO] default - User created successfully
[2021-09-27T19:03:30.148] [INFO] default - User created successfully
[2021-09-27T19:04:41.377] [INFO] default - User created successfully
[2021-09-28T08:09:14.326] [ERROR] default - TypeError: Cannot read property 'collection' of undefined
    at C:\Users\Shubhangi\Documents\Java programmings\taskAPIs\routes\index.js:17:26
    at Layer.handle [as handle_request] (C:\Users\Shubhangi\Documents\Java programmings\taskAPIs\node_modules\express\lib\router\layer.js:95:5)
    at next (C:\Users\Shubhangi\Documents\Java programmings\taskAPIs\node_modules\express\lib\router\route.js:137:13)
    at Route.dispatch (C:\Users\Shubhangi\Documents\Java programmings\taskAPIs\node_modules\express\lib\router\route.js:112:3)
    at Layer.handle [as handle_request] (C:\Users\Shubhangi\Documents\Java programmings\taskAPIs\node_modules\express\lib\router\layer.js:95:5)
    at C:\Users\Shubhangi\Documents\Java programmings\taskAPIs\node_modules\express\lib\router\index.js:281:22
    at Function.process_params (C:\Users\Shubhangi\Documents\Java programmings\taskAPIs\node_modules\express\lib\router\index.js:335:12)
    at next (C:\Users\Shubhangi\Documents\Java programmings\taskAPIs\node_modules\express\lib\router\index.js:275:10)
    at Function.handle (C:\Users\Shubhangi\Documents\Java programmings\taskAPIs\node_modules\express\lib\router\index.js:174:3)
    at router (C:\Users\Shubhangi\Documents\Java programmings\taskAPIs\node_modules\express\lib\router\index.js:47:12)
    at Layer.handle [as handle_request] (C:\Users\Shubhangi\Documents\Java programmings\taskAPIs\node_modules\express\lib\router\layer.js:95:5)
    at trim_prefix (C:\Users\Shubhangi\Documents\Java programmings\taskAPIs\node_modules\express\lib\router\index.js:317:13)
    at C:\Users\Shubhangi\Documents\Java programmings\taskAPIs\node_modules\express\lib\router\index.js:284:7
    at Function.process_params (C:\Users\Shubhangi\Documents\Java programmings\taskAPIs\node_modules\express\lib\router\index.js:335:12)
    at next (C:\Users\Shubhangi\Documents\Java programmings\taskAPIs\node_modules\express\lib\router\index.js:275:10)
    at cookieParser (C:\Users\Shubhangi\Documents\Java programmings\taskAPIs\node_modules\cookie-parser\index.js:57:14)
    at Layer.handle [as handle_request] (C:\Users\Shubhangi\Documents\Java programmings\taskAPIs\node_modules\express\lib\router\layer.js:95:5)
    at trim_prefix (C:\Users\Shubhangi\Documents\Java programmings\taskAPIs\node_modules\express\lib\router\index.js:317:13)
    at C:\Users\Shubhangi\Documents\Java programmings\taskAPIs\node_modules\express\lib\router\index.js:284:7
    at Function.process_params (C:\Users\Shubhangi\Documents\Java programmings\taskAPIs\node_modules\express\lib\router\index.js:335:12)
    at next (C:\Users\Shubhangi\Documents\Java programmings\taskAPIs\node_modules\express\lib\router\index.js:275:10)
    at urlencodedParser (C:\Users\Shubhangi\Documents\Java programmings\taskAPIs\node_modules\body-parser\lib\types\urlencoded.js:91:7)
    at Layer.handle [as handle_request] (C:\Users\Shubhangi\Documents\Java programmings\taskAPIs\node_modules\express\lib\router\layer.js:95:5)
    at trim_prefix (C:\Users\Shubhangi\Documents\Java programmings\taskAPIs\node_modules\express\lib\router\index.js:317:13)
    at C:\Users\Shubhangi\Documents\Java programmings\taskAPIs\node_modules\express\lib\router\index.js:284:7
    at Function.process_params (C:\Users\Shubhangi\Documents\Java programmings\taskAPIs\node_modules\express\lib\router\index.js:335:12)
    at next (C:\Users\Shubhangi\Documents\Java programmings\taskAPIs\node_modules\express\lib\router\index.js:275:10)
    at jsonParser (C:\Users\Shubhangi\Documents\Java programmings\taskAPIs\node_modules\body-parser\lib\types\json.js:110:7)
    at Layer.handle [as handle_request] (C:\Users\Shubhangi\Documents\Java programmings\taskAPIs\node_modules\express\lib\router\layer.js:95:5)
    at trim_prefix (C:\Users\Shubhangi\Documents\Java programmings\taskAPIs\node_modules\express\lib\router\index.js:317:13)
    at C:\Users\Shubhangi\Documents\Java programmings\taskAPIs\node_modules\express\lib\router\index.js:284:7
    at Function.process_params (C:\Users\Shubhangi\Documents\Java programmings\taskAPIs\node_modules\express\lib\router\index.js:335:12)
    at next (C:\Users\Shubhangi\Documents\Java programmings\taskAPIs\node_modules\express\lib\router\index.js:275:10)
    at logger (C:\Users\Shubhangi\Documents\Java programmings\taskAPIs\node_modules\morgan\index.js:144:5)
    at Layer.handle [as handle_request] (C:\Users\Shubhangi\Documents\Java programmings\taskAPIs\node_modules\express\lib\router\layer.js:95:5)
    at trim_prefix (C:\Users\Shubhangi\Documents\Java programmings\taskAPIs\node_modules\express\lib\router\index.js:317:13)
    at C:\Users\Shubhangi\Documents\Java programmings\taskAPIs\node_modules\express\lib\router\index.js:284:7
    at Function.process_params (C:\Users\Shubhangi\Documents\Java programmings\taskAPIs\node_modules\express\lib\router\index.js:335:12)
    at next (C:\Users\Shubhangi\Documents\Java programmings\taskAPIs\node_modules\express\lib\router\index.js:275:10)
    at expressInit (C:\Users\Shubhangi\Documents\Java programmings\taskAPIs\node_modules\express\lib\middleware\init.js:40:5)
    at Layer.handle [as handle_request] (C:\Users\Shubhangi\Documents\Java programmings\taskAPIs\node_modules\express\lib\router\layer.js:95:5)
    at trim_prefix (C:\Users\Shubhangi\Documents\Java programmings\taskAPIs\node_modules\express\lib\router\index.js:317:13)
    at C:\Users\Shubhangi\Documents\Java programmings\taskAPIs\node_modules\express\lib\router\index.js:284:7
    at Function.process_params (C:\Users\Shubhangi\Documents\Java programmings\taskAPIs\node_modules\express\lib\router\index.js:335:12)
    at next (C:\Users\Shubhangi\Documents\Java programmings\taskAPIs\node_modules\express\lib\router\index.js:275:10)
    at query (C:\Users\Shubhangi\Documents\Java programmings\taskAPIs\node_modules\express\lib\middleware\query.js:45:5)
    at Layer.handle [as handle_request] (C:\Users\Shubhangi\Documents\Java programmings\taskAPIs\node_modules\express\lib\router\layer.js:95:5)
    at trim_prefix (C:\Users\Shubhangi\Documents\Java programmings\taskAPIs\node_modules\express\lib\router\index.js:317:13)
    at C:\Users\Shubhangi\Documents\Java programmings\taskAPIs\node_modules\express\lib\router\index.js:284:7
    at Function.process_params (C:\Users\Shubhangi\Documents\Java programmings\taskAPIs\node_modules\express\lib\router\index.js:335:12)
    at next (C:\Users\Shubhangi\Documents\Java programmings\taskAPIs\node_modules\express\lib\router\index.js:275:10)
    at Function.handle (C:\Users\Shubhangi\Documents\Java programmings\taskAPIs\node_modules\express\lib\router\index.js:174:3)
    at Function.handle (C:\Users\Shubhangi\Documents\Java programmings\taskAPIs\node_modules\express\lib\application.js:174:10)
    at Server.app (C:\Users\Shubhangi\Documents\Java programmings\taskAPIs\node_modules\express\lib\express.js:39:9)
    at Server.emit (events.js:314:20)
    at parserOnIncoming (_http_server.js:779:12)
    at HTTPParser.parserOnHeadersComplete (_http_common.js:122:17)
[2021-09-28T08:09:18.366] [ERROR] default - TypeError: Cannot read property 'collection' of undefined
    at C:\Users\Shubhangi\Documents\Java programmings\taskAPIs\routes\index.js:58:14
    at Layer.handle [as handle_request] (C:\Users\Shubhangi\Documents\Java programmings\taskAPIs\node_modules\express\lib\router\layer.js:95:5)
    at next (C:\Users\Shubhangi\Documents\Java programmings\taskAPIs\node_modules\express\lib\router\route.js:137:13)
    at Route.dispatch (C:\Users\Shubhangi\Documents\Java programmings\taskAPIs\node_modules\express\lib\router\route.js:112:3)
    at Layer.handle [as handle_request] (C:\Users\Shubhangi\Documents\Java programmings\taskAPIs\node_modules\express\lib\router\layer.js:95:5)
    at C:\Users\Shubhangi\Documents\Java programmings\taskAPIs\node_modules\express\lib\router\index.js:281:22
    at Function.process_params (C:\Users\Shubhangi\Documents\Java programmings\taskAPIs\node_modules\express\lib\router\index.js:335:12)
    at next (C:\Users\Shubhangi\Documents\Java programmings\taskAPIs\node_modules\express\lib\router\index.js:275:10)
    at Function.handle (C:\Users\Shubhangi\Documents\Java programmings\taskAPIs\node_modules\express\lib\router\index.js:174:3)
    at router (C:\Users\Shubhangi\Documents\Java programmings\taskAPIs\node_modules\express\lib\router\index.js:47:12)
    at Layer.handle [as handle_request] (C:\Users\Shubhangi\Documents\Java programmings\taskAPIs\node_modules\express\lib\router\layer.js:95:5)
    at trim_prefix (C:\Users\Shubhangi\Documents\Java programmings\taskAPIs\node_modules\express\lib\router\index.js:317:13)
    at C:\Users\Shubhangi\Documents\Java programmings\taskAPIs\node_modules\express\lib\router\index.js:284:7
    at Function.process_params (C:\Users\Shubhangi\Documents\Java programmings\taskAPIs\node_modules\express\lib\router\index.js:335:12)
    at next (C:\Users\Shubhangi\Documents\Java programmings\taskAPIs\node_modules\express\lib\router\index.js:275:10)
    at cookieParser (C:\Users\Shubhangi\Documents\Java programmings\taskAPIs\node_modules\cookie-parser\index.js:57:14)
    at Layer.handle [as handle_request] (C:\Users\Shubhangi\Documents\Java programmings\taskAPIs\node_modules\express\lib\router\layer.js:95:5)
    at trim_prefix (C:\Users\Shubhangi\Documents\Java programmings\taskAPIs\node_modules\express\lib\router\index.js:317:13)
    at C:\Users\Shubhangi\Documents\Java programmings\taskAPIs\node_modules\express\lib\router\index.js:284:7
    at Function.process_params (C:\Users\Shubhangi\Documents\Java programmings\taskAPIs\node_modules\express\lib\router\index.js:335:12)
    at next (C:\Users\Shubhangi\Documents\Java programmings\taskAPIs\node_modules\express\lib\router\index.js:275:10)
    at urlencodedParser (C:\Users\Shubhangi\Documents\Java programmings\taskAPIs\node_modules\body-parser\lib\types\urlencoded.js:82:7)
    at Layer.handle [as handle_request] (C:\Users\Shubhangi\Documents\Java programmings\taskAPIs\node_modules\express\lib\router\layer.js:95:5)
    at trim_prefix (C:\Users\Shubhangi\Documents\Java programmings\taskAPIs\node_modules\express\lib\router\index.js:317:13)
    at C:\Users\Shubhangi\Documents\Java programmings\taskAPIs\node_modules\express\lib\router\index.js:284:7
    at Function.process_params (C:\Users\Shubhangi\Documents\Java programmings\taskAPIs\node_modules\express\lib\router\index.js:335:12)
    at next (C:\Users\Shubhangi\Documents\Java programmings\taskAPIs\node_modules\express\lib\router\index.js:275:10)
    at C:\Users\Shubhangi\Documents\Java programmings\taskAPIs\node_modules\body-parser\lib\read.js:130:5
    at invokeCallback (C:\Users\Shubhangi\Documents\Java programmings\taskAPIs\node_modules\raw-body\index.js:224:16)
    at done (C:\Users\Shubhangi\Documents\Java programmings\taskAPIs\node_modules\raw-body\index.js:213:7)
    at IncomingMessage.onEnd (C:\Users\Shubhangi\Documents\Java programmings\taskAPIs\node_modules\raw-body\index.js:273:7)
    at IncomingMessage.emit (events.js:314:20)
    at endReadableNT (_stream_readable.js:1223:12)
    at processTicksAndRejections (internal/process/task_queues.js:84:21)
[2021-09-28T08:10:44.332] [INFO] default - User created successfully
[2021-09-28T10:01:57.216] [INFO] default - User created successfully
[2021-09-28T10:04:01.287] [INFO] default - User created successfully
[2021-09-29T12:22:22.139] [INFO] default - User created successfully
[2021-09-29T12:43:59.750] [ERROR] default - Error [ERR_HTTP_HEADERS_SENT]: Cannot set headers after they are sent to the client
    at ServerResponse.setHeader (_http_outgoing.js:526:11)
    at ServerResponse.header (C:\Users\Shubhangi\Documents\Java programmings\taskAPIs\node_modules\express\lib\response.js:767:10)
    at ServerResponse.send (C:\Users\Shubhangi\Documents\Java programmings\taskAPIs\node_modules\express\lib\response.js:170:12)
    at ServerResponse.json (C:\Users\Shubhangi\Documents\Java programmings\taskAPIs\node_modules\express\lib\response.js:267:15)
    at getUser (C:\Users\Shubhangi\Documents\Java programmings\taskAPIs\controllers\index.js:52:9)
    at processTicksAndRejections (internal/process/task_queues.js:97:5) {
  code: 'ERR_HTTP_HEADERS_SENT'
}
[2021-09-29T12:45:37.202] [ERROR] default - Error [ERR_HTTP_HEADERS_SENT]: Cannot set headers after they are sent to the client
    at ServerResponse.setHeader (_http_outgoing.js:526:11)
    at ServerResponse.header (C:\Users\Shubhangi\Documents\Java programmings\taskAPIs\node_modules\express\lib\response.js:767:10)
    at ServerResponse.send (C:\Users\Shubhangi\Documents\Java programmings\taskAPIs\node_modules\express\lib\response.js:170:12)
    at ServerResponse.json (C:\Users\Shubhangi\Documents\Java programmings\taskAPIs\node_modules\express\lib\response.js:267:15)
    at getUser (C:\Users\Shubhangi\Documents\Java programmings\taskAPIs\controllers\index.js:52:9)
    at processTicksAndRejections (internal/process/task_queues.js:97:5) {
  code: 'ERR_HTTP_HEADERS_SENT'
}
[2021-09-29T12:46:07.984] [ERROR] default - Error [ERR_HTTP_HEADERS_SENT]: Cannot set headers after they are sent to the client
    at ServerResponse.setHeader (_http_outgoing.js:526:11)
    at ServerResponse.header (C:\Users\Shubhangi\Documents\Java programmings\taskAPIs\node_modules\express\lib\response.js:767:10)
    at ServerResponse.send (C:\Users\Shubhangi\Documents\Java programmings\taskAPIs\node_modules\express\lib\response.js:170:12)
    at ServerResponse.json (C:\Users\Shubhangi\Documents\Java programmings\taskAPIs\node_modules\express\lib\response.js:267:15)
    at getUser (C:\Users\Shubhangi\Documents\Java programmings\taskAPIs\controllers\index.js:53:9)
    at processTicksAndRejections (internal/process/task_queues.js:97:5) {
  code: 'ERR_HTTP_HEADERS_SENT'
}
[2021-09-29T12:46:19.686] [ERROR] default - Error [ERR_HTTP_HEADERS_SENT]: Cannot set headers after they are sent to the client
    at ServerResponse.setHeader (_http_outgoing.js:526:11)
    at ServerResponse.header (C:\Users\Shubhangi\Documents\Java programmings\taskAPIs\node_modules\express\lib\response.js:767:10)
    at ServerResponse.send (C:\Users\Shubhangi\Documents\Java programmings\taskAPIs\node_modules\express\lib\response.js:170:12)
    at ServerResponse.json (C:\Users\Shubhangi\Documents\Java programmings\taskAPIs\node_modules\express\lib\response.js:267:15)
    at getUser (C:\Users\Shubhangi\Documents\Java programmings\taskAPIs\controllers\index.js:53:9)
    at processTicksAndRejections (internal/process/task_queues.js:97:5) {
  code: 'ERR_HTTP_HEADERS_SENT'
}
[2021-09-29T12:46:21.579] [ERROR] default - Error [ERR_HTTP_HEADERS_SENT]: Cannot set headers after they are sent to the client
    at ServerResponse.setHeader (_http_outgoing.js:526:11)
    at ServerResponse.header (C:\Users\Shubhangi\Documents\Java programmings\taskAPIs\node_modules\express\lib\response.js:767:10)
    at ServerResponse.send (C:\Users\Shubhangi\Documents\Java programmings\taskAPIs\node_modules\express\lib\response.js:170:12)
    at ServerResponse.json (C:\Users\Shubhangi\Documents\Java programmings\taskAPIs\node_modules\express\lib\response.js:267:15)
    at getUser (C:\Users\Shubhangi\Documents\Java programmings\taskAPIs\controllers\index.js:53:9)
    at processTicksAndRejections (internal/process/task_queues.js:97:5) {
  code: 'ERR_HTTP_HEADERS_SENT'
}
[2021-09-29T12:47:04.134] [ERROR] default - Error [ERR_HTTP_HEADERS_SENT]: Cannot set headers after they are sent to the client
    at ServerResponse.setHeader (_http_outgoing.js:526:11)
    at ServerResponse.header (C:\Users\Shubhangi\Documents\Java programmings\taskAPIs\node_modules\express\lib\response.js:767:10)
    at ServerResponse.send (C:\Users\Shubhangi\Documents\Java programmings\taskAPIs\node_modules\express\lib\response.js:170:12)
    at ServerResponse.json (C:\Users\Shubhangi\Documents\Java programmings\taskAPIs\node_modules\express\lib\response.js:267:15)
    at getUser (C:\Users\Shubhangi\Documents\Java programmings\taskAPIs\controllers\index.js:53:9)
    at processTicksAndRejections (internal/process/task_queues.js:97:5) {
  code: 'ERR_HTTP_HEADERS_SENT'
}
[2021-09-29T12:48:32.941] [ERROR] default - Error [ERR_HTTP_HEADERS_SENT]: Cannot set headers after they are sent to the client
    at ServerResponse.setHeader (_http_outgoing.js:526:11)
    at ServerResponse.header (C:\Users\Shubhangi\Documents\Java programmings\taskAPIs\node_modules\express\lib\response.js:767:10)
    at ServerResponse.send (C:\Users\Shubhangi\Documents\Java programmings\taskAPIs\node_modules\express\lib\response.js:170:12)
    at ServerResponse.json (C:\Users\Shubhangi\Documents\Java programmings\taskAPIs\node_modules\express\lib\response.js:267:15)
    at getUser (C:\Users\Shubhangi\Documents\Java programmings\taskAPIs\controllers\index.js:53:9)
    at processTicksAndRejections (internal/process/task_queues.js:97:5) {
  code: 'ERR_HTTP_HEADERS_SENT'
}
[2021-09-29T12:48:48.841] [ERROR] default - Error [ERR_HTTP_HEADERS_SENT]: Cannot set headers after they are sent to the client
    at ServerResponse.setHeader (_http_outgoing.js:526:11)
    at ServerResponse.header (C:\Users\Shubhangi\Documents\Java programmings\taskAPIs\node_modules\express\lib\response.js:767:10)
    at ServerResponse.send (C:\Users\Shubhangi\Documents\Java programmings\taskAPIs\node_modules\express\lib\response.js:170:12)
    at ServerResponse.json (C:\Users\Shubhangi\Documents\Java programmings\taskAPIs\node_modules\express\lib\response.js:267:15)
    at getUser (C:\Users\Shubhangi\Documents\Java programmings\taskAPIs\controllers\index.js:53:9)
    at processTicksAndRejections (internal/process/task_queues.js:97:5) {
  code: 'ERR_HTTP_HEADERS_SENT'
}
[2021-09-29T16:46:54.698] [INFO] default - User created successfully
[2021-09-29T16:47:58.189] [INFO] default - User created successfully
[2021-09-29T17:00:54.599] [ERROR] default - RangeError [ERR_HTTP_INVALID_STATUS_CODE]: Invalid status code: undefined
    at ServerResponse.writeHead (_http_server.js:248:11)
    at ServerResponse.writeHead (C:\Users\Shubhangi\Documents\Java programmings\taskAPIs\node_modules\on-headers\index.js:44:26)
    at ServerResponse._implicitHeader (_http_server.js:239:8)
    at ServerResponse.end (_http_outgoing.js:765:10)
    at ServerResponse.send (C:\Users\Shubhangi\Documents\Java programmings\taskAPIs\node_modules\express\lib\response.js:221:10)
    at ServerResponse.json (C:\Users\Shubhangi\Documents\Java programmings\taskAPIs\node_modules\express\lib\response.js:267:15)
    at login (C:\Users\Shubhangi\Documents\Java programmings\taskAPIs\controllers\index.js:38:28)
    at processTicksAndRejections (internal/process/task_queues.js:97:5) {
  code: 'ERR_HTTP_INVALID_STATUS_CODE'
}
[2021-09-29T17:00:59.138] [ERROR] default - RangeError [ERR_HTTP_INVALID_STATUS_CODE]: Invalid status code: undefined
    at ServerResponse.writeHead (_http_server.js:248:11)
    at ServerResponse.writeHead (C:\Users\Shubhangi\Documents\Java programmings\taskAPIs\node_modules\on-headers\index.js:44:26)
    at ServerResponse._implicitHeader (_http_server.js:239:8)
    at ServerResponse.end (_http_outgoing.js:765:10)
    at ServerResponse.send (C:\Users\Shubhangi\Documents\Java programmings\taskAPIs\node_modules\express\lib\response.js:221:10)
    at ServerResponse.json (C:\Users\Shubhangi\Documents\Java programmings\taskAPIs\node_modules\express\lib\response.js:267:15)
    at login (C:\Users\Shubhangi\Documents\Java programmings\taskAPIs\controllers\index.js:38:28)
    at processTicksAndRejections (internal/process/task_queues.js:97:5) {
  code: 'ERR_HTTP_INVALID_STATUS_CODE'
}
